c:\users\maciek\documents\visual studio 2010\projects\bubblesort\gui\debug\vc120.pdb
c:\users\maciek\documents\visual studio 2010\projects\bubblesort\gui\debug\myform.obj
c:\users\maciek\documents\visual studio 2010\projects\bubblesort\gui\debug\.netframework,version=v4.5.assemblyattributes.obj
c:\users\maciek\documents\visual studio 2010\projects\bubblesort\gui\debug\gui.myform.resources
c:\users\maciek\documents\visual studio 2010\projects\bubblesort\debug\gui.exe
c:\users\maciek\documents\visual studio 2010\projects\bubblesort\debug\gui.pdb
c:\users\maciek\documents\visual studio 2010\projects\bubblesort\gui\debug\gui.vcxproj.generateresource.cache
c:\users\maciek\documents\visual studio 2010\projects\bubblesort\gui\debug\gui.vcxprojresolveassemblyreference.cache
c:\users\maciek\documents\visual studio 2010\projects\bubblesort\gui\..\debug\gui.exe
c:\users\maciek\documents\visual studio 2010\projects\bubblesort\gui\debug\gui.tlog\cl.command.1.tlog
c:\users\maciek\documents\visual studio 2010\projects\bubblesort\gui\debug\gui.tlog\cl.read.1.tlog
c:\users\maciek\documents\visual studio 2010\projects\bubblesort\gui\debug\gui.tlog\cl.write.1.tlog
c:\users\maciek\documents\visual studio 2010\projects\bubblesort\gui\debug\gui.tlog\gui.write.1u.tlog
c:\users\maciek\documents\visual studio 2010\projects\bubblesort\gui\debug\gui.tlog\link.command.1.tlog
c:\users\maciek\documents\visual studio 2010\projects\bubblesort\gui\debug\gui.tlog\link.read.1.tlog
c:\users\maciek\documents\visual studio 2010\projects\bubblesort\gui\debug\gui.tlog\link.write.1.tlog
c:\users\maciek\documents\visual studio 2010\projects\bubblesort\gui\debug\gui.tlog\metagen.read.1.tlog
c:\users\maciek\documents\visual studio 2010\projects\bubblesort\gui\debug\gui.tlog\metagen.write.1.tlog
c:\users\maciek\documents\visual studio 2010\projects\bubblesort\gui\debug\gui.tlog\rsaenh.dll.bi
c:\users\maciek\documents\visual studio 2010\projects\bubblesort\gui\debug\gui.tlog\tzres.dll.bi
